[debug] [2024-06-14T18:38:10.556Z] ----------------------------------------------------------------------
[debug] [2024-06-14T18:38:10.560Z] Command:       C:\Program Files\nodejs\node.exe C:\Users\Adith\AppData\Roaming\npm\node_modules\firebase-tools\lib\bin\firebase.js init functions
[debug] [2024-06-14T18:38:10.561Z] CLI Version:   13.11.2
[debug] [2024-06-14T18:38:10.561Z] Platform:      win32
[debug] [2024-06-14T18:38:10.562Z] Node Version:  v21.1.0
[debug] [2024-06-14T18:38:10.562Z] Time:          Fri Jun 14 2024 14:38:10 GMT-0400 (Eastern Daylight Time)
[debug] [2024-06-14T18:38:10.563Z] ----------------------------------------------------------------------
[debug] 
[debug] [2024-06-14T18:38:10.577Z] > command requires scopes: ["email","openid","https://www.googleapis.com/auth/cloudplatformprojects.readonly","https://www.googleapis.com/auth/firebase","https://www.googleapis.com/auth/cloud-platform"]
[debug] [2024-06-14T18:38:10.578Z] > authorizing via signed-in user (psh.congenital.heart.center@gmail.com)
[info] 
     ######## #### ########  ######## ########     ###     ######  ########
     ##        ##  ##     ## ##       ##     ##  ##   ##  ##       ##
     ######    ##  ########  ######   ########  #########  ######  ######
     ##        ##  ##    ##  ##       ##     ## ##     ##       ## ##
     ##       #### ##     ## ######## ########  ##     ##  ######  ########

You're about to initialize a Firebase project in this directory:

  C:\Users\Adith\OneDrive\Desktop\HHD-Project

[info] 
=== Project Setup
[info] 
[info] First, let's associate this project directory with a Firebase project.
[info] You can create multiple project aliases by running firebase use --add, 
[info] but for now we'll just set up a default project.
[info] 
